<?xml version="1.0" encoding="UTF-8"?>
<testng-results skipped="0" failed="0" ignored="1" total="2" passed="1">
  <reporter-output>
  </reporter-output>
  <suite name="Suite" duration-ms="14542" started-at="2023-01-20T17:28:24 IST" finished-at="2023-01-20T17:28:38 IST">
    <groups>
      <group name="smoke">
        <method signature="DemoWebshopTest.DemoTest()[pri:0, instance:Practice.DemoWebshopTest@57e1b0c]" name="DemoTest" class="Practice.DemoWebshopTest"/>
      </group> <!-- smoke -->
    </groups>
    <test name="Test" duration-ms="14542" started-at="2023-01-20T17:28:24 IST" finished-at="2023-01-20T17:28:38 IST">
      <class name="Practice.DemoWebshopTest">
        <test-method status="PASS" signature="DemoTest()[pri:0, instance:Practice.DemoWebshopTest@57e1b0c]" name="DemoTest" duration-ms="14421" started-at="2023-01-20T17:28:24 IST" finished-at="2023-01-20T17:28:38 IST">
          <reporter-output>
          </reporter-output>
        </test-method> <!-- DemoTest -->
      </class> <!-- Practice.DemoWebshopTest -->
    </test> <!-- Test -->
  </suite> <!-- Suite -->
</testng-results>
